2024-12-05 05:21:22,622 - __main__ - DEBUG - download_input - Configured to run as year: 2024 and day: 5
2024-12-05 05:21:22,709 - __main__ - INFO - valid_status - Valid response obtained
2024-12-05 05:21:22,709 - __main__ - DEBUG - valid_status - 59|55
48|63
48|74
26|77
26|54
26|99
63|43
63|65
63...
2024-12-05 05:21:22,710 - __main__ - INFO - download_input - Input saved to ./inputs/2024__5.txt
2024-12-06 05:21:09,330 - __main__ - DEBUG - download_input - Configured to run as year: 2024 and day: 6
2024-12-06 05:21:09,575 - __main__ - INFO - valid_status - Valid response obtained
2024-12-06 05:21:09,576 - __main__ - DEBUG - valid_status - ......##...#...#....#.......#....................#...
2024-12-06 05:21:09,576 - __main__ - INFO - download_input - Input saved to ./inputs/2024__6.txt
2024-12-07 05:19:43,153 - __main__ - DEBUG - download_input - Configured to run as year: 2024 and day: 7
2024-12-07 05:19:43,387 - __main__ - INFO - valid_status - Valid response obtained
2024-12-07 05:19:43,387 - __main__ - DEBUG - valid_status - 479027832: 8 9 69 659 96 634
539373: 6 19 6 863
50...
2024-12-07 05:19:43,387 - __main__ - INFO - download_input - Input saved to ./inputs/2024__7.txt
2024-12-08 05:19:51,544 - __main__ - DEBUG - download_input - Configured to run as year: 2024 and day: 8
2024-12-08 05:19:51,648 - __main__ - INFO - valid_status - Valid response obtained
2024-12-08 05:19:51,648 - __main__ - DEBUG - valid_status - ..........M..........j.............y.....O...........
2024-12-08 05:19:51,649 - __main__ - INFO - download_input - Input saved to ./inputs/2024__8.txt
